<?xml version="1.0" encoding="UTF-8"?>
<!-- Generated by org.testng.reporters.JUnitReportReporter -->
<testsuite hostname="DESKTOP-GH6SL2D" failures="0" tests="4" name="api.test.UserTests" time="10.262" errors="0" timestamp="2025-03-24T01:27:32 IST" skipped="0">
  <testcase classname="api.test.UserTests" name="testPostUser" time="4.471"/>
  <testcase classname="api.test.UserTests" name="testGetUser" time="1.459"/>
  <testcase classname="api.test.UserTests" name="testUpdateUser" time="2.963"/>
  <testcase classname="api.test.UserTests" name="testDeleteUser" time="1.369"/>
</testsuite> <!-- api.test.UserTests -->
