<?xml version="1.0" encoding="UTF-8"?>
<!-- Generated by org.testng.reporters.JUnitReportReporter -->
<testsuite hostname="DESKTOP-GH6SL2D" failures="0" tests="6" name="api.test.DDTests" time="11.776" errors="0" timestamp="2025-03-23T05:38:26 IST" skipped="0">
  <testcase classname="api.test.DDTests" name="testPostuser" time="1.517"/>
  <testcase classname="api.test.DDTests" name="testPostuser" time="1.510"/>
  <testcase classname="api.test.DDTests" name="testPostuser" time="4.538"/>
  <testcase classname="api.test.DDTests" name="testDeleteUserByName" time="1.402"/>
  <testcase classname="api.test.DDTests" name="testDeleteUserByName" time="1.427"/>
  <testcase classname="api.test.DDTests" name="testDeleteUserByName" time="1.382"/>
</testsuite> <!-- api.test.DDTests -->
