<?xml version="1.0" encoding="UTF-8"?>
<!-- Generated by org.testng.reporters.JUnitReportReporter -->
<testsuite hostname="DESKTOP-GH6SL2D" failures="0" tests="4" name="api.test.UserTests" time="14.342" errors="0" timestamp="2025-03-24T03:07:32 IST" skipped="0">
  <testcase classname="api.test.UserTests" name="testPostUser" time="5.536"/>
  <testcase classname="api.test.UserTests" name="testGetUser" time="2.145"/>
  <testcase classname="api.test.UserTests" name="testUpdateUser" time="4.742"/>
  <testcase classname="api.test.UserTests" name="testDeleteUser" time="1.919"/>
</testsuite> <!-- api.test.UserTests -->
